# JRE version: Java(TM) SE Runtime Environment (8.0_45-b15) (build 1.8.0_45-b15)
# Java VM: Java HotSpot(TM) 64-Bit Server VM (25.45-b02 mixed mode windows-amd64 compressed oops)
Heap:
 PSYoungGen      total 170496K, used 79880K [0x00000000eab00000, 0x00000000f6600000, 0x0000000100000000)
  eden space 149504K, 53% used [0x00000000eab00000,0x00000000ef9022f8,0x00000000f3d00000)
  from space 20992K, 0% used [0x00000000f3d00000,0x00000000f3d00000,0x00000000f5180000)
  to   space 20992K, 0% used [0x00000000f5180000,0x00000000f5180000,0x00000000f6600000)
 ParOldGen       total 108544K, used 47491K [0x00000000c0000000, 0x00000000c6a00000, 0x00000000eab00000)
  object space 108544K, 43% used [0x00000000c0000000,0x00000000c2e60ef0,0x00000000c6a00000)
 Metaspace       used 54999K, capacity 57572K, committed 58536K, reserved 1099776K
  class space    used 7431K, capacity 8337K, committed 8616K, reserved 1048576K
GC Heap History (10 events):
Event: 10.702 GC heap before
{Heap before GC invocations=17 (full 3):
 PSYoungGen      total 180224K, used 12795K [0x00000000eab00000, 0x00000000f7200000, 0x0000000100000000)
  eden space 159744K, 0% used [0x00000000eab00000,0x00000000eab00000,0x00000000f4700000)
  from space 20480K, 62% used [0x00000000f5c00000,0x00000000f687ed00,0x00000000f7000000)
  to   space 21504K, 0% used [0x00000000f4700000,0x00000000f4700000,0x00000000f5c00000)
 ParOldGen       total 108544K, used 38219K [0x00000000c0000000, 0x00000000c6a00000, 0x00000000eab00000)
  object space 108544K, 35% used [0x00000000c0000000,0x00000000c2552cf8,0x00000000c6a00000)
 Metaspace       used 43740K, capacity 45612K, committed 45736K, reserved 1087488K
  class space    used 6075K, capacity 6762K, committed 6824K, reserved 1048576K
Event: 10.955 GC heap after
Heap after GC invocations=17 (full 3):
 PSYoungGen      total 180224K, used 0K [0x00000000eab00000, 0x00000000f7200000, 0x0000000100000000)
  eden space 159744K, 0% used [0x00000000eab00000,0x00000000eab00000,0x00000000f4700000)
  from space 20480K, 0% used [0x00000000f5c00000,0x00000000f5c00000,0x00000000f7000000)
  to   space 21504K, 0% used [0x00000000f4700000,0x00000000f4700000,0x00000000f5c00000)
 ParOldGen       total 108544K, used 46184K [0x00000000c0000000, 0x00000000c6a00000, 0x00000000eab00000)
  object space 108544K, 42% used [0x00000000c0000000,0x00000000c2d1a388,0x00000000c6a00000)
 Metaspace       used 43740K, capacity 45612K, committed 45736K, reserved 1087488K
  class space    used 6075K, capacity 6762K, committed 6824K, reserved 1048576K
}
Event: 2572.782 GC heap before
{Heap before GC invocations=18 (full 3):
 PSYoungGen      total 180224K, used 159744K [0x00000000eab00000, 0x00000000f7200000, 0x0000000100000000)
  eden space 159744K, 100% used [0x00000000eab00000,0x00000000f4700000,0x00000000f4700000)
  from space 20480K, 0% used [0x00000000f5c00000,0x00000000f5c00000,0x00000000f7000000)
  to   space 21504K, 0% used [0x00000000f4700000,0x00000000f4700000,0x00000000f5c00000)
 ParOldGen       total 108544K, used 46184K [0x00000000c0000000, 0x00000000c6a00000, 0x00000000eab00000)
  object space 108544K, 42% used [0x00000000c0000000,0x00000000c2d1a388,0x00000000c6a00000)
 Metaspace       used 46574K, capacity 48850K, committed 49064K, reserved 1091584K
  class space    used 6448K, capacity 7256K, committed 7336K, reserved 1048576K
Event: 2572.817 GC heap after
Heap after GC invocations=18 (full 3):
 PSYoungGen      total 161280K, used 6426K [0x00000000eab00000, 0x00000000f6a00000, 0x0000000100000000)
  eden space 154624K, 0% used [0x00000000eab00000,0x00000000eab00000,0x00000000f4200000)
  from space 6656K, 96% used [0x00000000f4700000,0x00000000f4d46aa0,0x00000000f4d80000)
  to   space 20480K, 0% used [0x00000000f5600000,0x00000000f5600000,0x00000000f6a00000)
 ParOldGen       total 108544K, used 46192K [0x00000000c0000000, 0x00000000c6a00000, 0x00000000eab00000)
  object space 108544K, 42% used [0x00000000c0000000,0x00000000c2d1c388,0x00000000c6a00000)
 Metaspace       used 46574K, capacity 48850K, committed 49064K, reserved 1091584K
  class space    used 6448K, capacity 7256K, committed 7336K, reserved 1048576K
}
Event: 2577.005 GC heap before
{Heap before GC invocations=19 (full 3):
 PSYoungGen      total 161280K, used 161050K [0x00000000eab00000, 0x00000000f6a00000, 0x0000000100000000)
  eden space 154624K, 100% used [0x00000000eab00000,0x00000000f4200000,0x00000000f4200000)
  from space 6656K, 96% used [0x00000000f4700000,0x00000000f4d46aa0,0x00000000f4d80000)
  to   space 20480K, 0% used [0x00000000f5600000,0x00000000f5600000,0x00000000f6a00000)
 ParOldGen       total 108544K, used 46192K [0x00000000c0000000, 0x00000000c6a00000, 0x00000000eab00000)
  object space 108544K, 42% used [0x00000000c0000000,0x00000000c2d1c388,0x00000000c6a00000)
 Metaspace       used 53671K, capacity 56218K, committed 56360K, reserved 1097728K
  class space    used 7328K, capacity 8208K, committed 8232K, reserved 1048576K
Event: 2577.019 GC heap after
Heap after GC invocations=19 (full 3):
 PSYoungGen      total 165888K, used 13099K [0x00000000eab00000, 0x00000000f6600000, 0x0000000100000000)
  eden space 149504K, 0% used [0x00000000eab00000,0x00000000eab00000,0x00000000f3d00000)
  from space 16384K, 79% used [0x00000000f5600000,0x00000000f62cae08,0x00000000f6600000)
  to   space 20992K, 0% used [0x00000000f3d00000,0x00000000f3d00000,0x00000000f5180000)
 ParOldGen       total 108544K, used 46208K [0x00000000c0000000, 0x00000000c6a00000, 0x00000000eab00000)
  object space 108544K, 42% used [0x00000000c0000000,0x00000000c2d20388,0x00000000c6a00000)
 Metaspace       used 53671K, capacity 56218K, committed 56360K, reserved 1097728K
  class space    used 7328K, capacity 8208K, committed 8232K, reserved 1048576K
}
Event: 2577.767 GC heap before
{Heap before GC invocations=20 (full 3):
 PSYoungGen      total 165888K, used 45060K [0x00000000eab00000, 0x00000000f6600000, 0x0000000100000000)
  eden space 149504K, 21% used [0x00000000eab00000,0x00000000eca364a0,0x00000000f3d00000)
  from space 16384K, 79% used [0x00000000f5600000,0x00000000f62cae08,0x00000000f6600000)
  to   space 20992K, 0% used [0x00000000f3d00000,0x00000000f3d00000,0x00000000f5180000)
 ParOldGen       total 108544K, used 46208K [0x00000000c0000000, 0x00000000c6a00000, 0x00000000eab00000)
  object space 108544K, 42% used [0x00000000c0000000,0x00000000c2d20388,0x00000000c6a00000)
 Metaspace       used 55378K, capacity 58022K, committed 58152K, reserved 1099776K
  class space    used 7547K, capacity 8467K, committed 8488K, reserved 1048576K
Event: 2577.773 GC heap after
Heap after GC invocations=20 (full 3):
 PSYoungGen      total 170496K, used 11260K [0x00000000eab00000, 0x00000000f6600000, 0x0000000100000000)
  eden space 149504K, 0% used [0x00000000eab00000,0x00000000eab00000,0x00000000f3d00000)
  from space 20992K, 53% used [0x00000000f3d00000,0x00000000f47ff2d0,0x00000000f5180000)
  to   space 20992K, 0% used [0x00000000f5180000,0x00000000f5180000,0x00000000f6600000)
 ParOldGen       total 108544K, used 46216K [0x00000000c0000000, 0x00000000c6a00000, 0x00000000eab00000)
  object space 108544K, 42% used [0x00000000c0000000,0x00000000c2d22388,0x00000000c6a00000)
 Metaspace       used 55378K, capacity 58022K, committed 58152K, reserved 1099776K
  class space    used 7547K, capacity 8467K, committed 8488K, reserved 1048576K
}
Event: 2577.773 GC heap before
{Heap before GC invocations=21 (full 4):
 PSYoungGen      total 170496K, used 11260K [0x00000000eab00000, 0x00000000f6600000, 0x0000000100000000)
  eden space 149504K, 0% used [0x00000000eab00000,0x00000000eab00000,0x00000000f3d00000)
  from space 20992K, 53% used [0x00000000f3d00000,0x00000000f47ff2d0,0x00000000f5180000)
  to   space 20992K, 0% used [0x00000000f5180000,0x00000000f5180000,0x00000000f6600000)
 ParOldGen       total 108544K, used 46216K [0x00000000c0000000, 0x00000000c6a00000, 0x00000000eab00000)
  object space 108544K, 42% used [0x00000000c0000000,0x00000000c2d22388,0x00000000c6a00000)
 Metaspace       used 55378K, capacity 58022K, committed 58152K, reserved 1099776K
  class space    used 7547K, capacity 8467K, committed 8488K, reserved 1048576K
Event: 2577.983 GC heap after
Heap after GC invocations=21 (full 4):
 PSYoungGen      total 170496K, used 0K [0x00000000eab00000, 0x00000000f6600000, 0x0000000100000000)
  eden space 149504K, 0% used [0x00000000eab00000,0x00000000eab00000,0x00000000f3d00000)
  from space 20992K, 0% used [0x00000000f3d00000,0x00000000f3d00000,0x00000000f5180000)
  to   space 20992K, 0% used [0x00000000f5180000,0x00000000f5180000,0x00000000f6600000)
 ParOldGen       total 108544K, used 47491K [0x00000000c0000000, 0x00000000c6a00000, 0x00000000eab00000)
  object space 108544K, 43% used [0x00000000c0000000,0x00000000c2e60ef0,0x00000000c6a00000)
 Metaspace       used 54460K, capacity 56638K, committed 58152K, reserved 1099776K
  class space    used 7362K, capacity 8144K, committed 8488K, reserved 1048576K
}

