# JRE version: Java(TM) SE Runtime Environment (8.0_45-b15) (build 1.8.0_45-b15)
# Java VM: Java HotSpot(TM) 64-Bit Server VM (25.45-b02 mixed mode windows-amd64 compressed oops)
Heap:
 PSYoungGen      total 124416K, used 25777K [0x00000000eab00000, 0x00000000f7780000, 0x0000000100000000)
  eden space 111616K, 20% used [0x00000000eab00000,0x00000000ec1be598,0x00000000f1800000)
  from space 12800K, 19% used [0x00000000f1800000,0x00000000f1a6e110,0x00000000f2480000)
  to   space 12288K, 0% used [0x00000000f6b80000,0x00000000f6b80000,0x00000000f7780000)
 ParOldGen       total 59392K, used 10764K [0x00000000c0000000, 0x00000000c3a00000, 0x00000000eab00000)
  object space 59392K, 18% used [0x00000000c0000000,0x00000000c0a83128,0x00000000c3a00000)
 Metaspace       used 22267K, capacity 22748K, committed 22912K, reserved 1069056K
  class space    used 2945K, capacity 3111K, committed 3200K, reserved 1048576K
GC Heap History (10 events):
Event: 5.551 GC heap before
{Heap before GC invocations=4 (full 1):
 PSYoungGen      total 71680K, used 5104K [0x00000000eab00000, 0x00000000ef600000, 0x0000000100000000)
  eden space 66560K, 0% used [0x00000000eab00000,0x00000000eab00000,0x00000000eec00000)
  from space 5120K, 99% used [0x00000000eec00000,0x00000000ef0fc010,0x00000000ef100000)
  to   space 5120K, 0% used [0x00000000ef100000,0x00000000ef100000,0x00000000ef600000)
 ParOldGen       total 87552K, used 8624K [0x00000000c0000000, 0x00000000c5580000, 0x00000000eab00000)
  object space 87552K, 9% used [0x00000000c0000000,0x00000000c086c210,0x00000000c5580000)
 Metaspace       used 20608K, capacity 21136K, committed 21296K, reserved 1067008K
  class space    used 2764K, capacity 2917K, committed 2944K, reserved 1048576K
Event: 5.590 GC heap after
Heap after GC invocations=4 (full 1):
 PSYoungGen      total 71680K, used 0K [0x00000000eab00000, 0x00000000ef600000, 0x0000000100000000)
  eden space 66560K, 0% used [0x00000000eab00000,0x00000000eab00000,0x00000000eec00000)
  from space 5120K, 0% used [0x00000000eec00000,0x00000000eec00000,0x00000000ef100000)
  to   space 5120K, 0% used [0x00000000ef100000,0x00000000ef100000,0x00000000ef600000)
 ParOldGen       total 59392K, used 10740K [0x00000000c0000000, 0x00000000c3a00000, 0x00000000eab00000)
  object space 59392K, 18% used [0x00000000c0000000,0x00000000c0a7d128,0x00000000c3a00000)
 Metaspace       used 20608K, capacity 21136K, committed 21296K, reserved 1067008K
  class space    used 2764K, capacity 2917K, committed 2944K, reserved 1048576K
}
Event: 5.960 GC heap before
{Heap before GC invocations=5 (full 1):
 PSYoungGen      total 71680K, used 66560K [0x00000000eab00000, 0x00000000ef600000, 0x0000000100000000)
  eden space 66560K, 100% used [0x00000000eab00000,0x00000000eec00000,0x00000000eec00000)
  from space 5120K, 0% used [0x00000000eec00000,0x00000000eec00000,0x00000000ef100000)
  to   space 5120K, 0% used [0x00000000ef100000,0x00000000ef100000,0x00000000ef600000)
 ParOldGen       total 59392K, used 10740K [0x00000000c0000000, 0x00000000c3a00000, 0x00000000eab00000)
  object space 59392K, 18% used [0x00000000c0000000,0x00000000c0a7d128,0x00000000c3a00000)
 Metaspace       used 22186K, capacity 22678K, committed 22912K, reserved 1069056K
  class space    used 2937K, capacity 3110K, committed 3200K, reserved 1048576K
Event: 5.963 GC heap after
Heap after GC invocations=5 (full 1):
 PSYoungGen      total 71680K, used 2017K [0x00000000eab00000, 0x00000000f2600000, 0x0000000100000000)
  eden space 66560K, 0% used [0x00000000eab00000,0x00000000eab00000,0x00000000eec00000)
  from space 5120K, 39% used [0x00000000ef100000,0x00000000ef2f8428,0x00000000ef600000)
  to   space 5120K, 0% used [0x00000000eec00000,0x00000000eec00000,0x00000000ef100000)
 ParOldGen       total 59392K, used 10748K [0x00000000c0000000, 0x00000000c3a00000, 0x00000000eab00000)
  object space 59392K, 18% used [0x00000000c0000000,0x00000000c0a7f128,0x00000000c3a00000)
 Metaspace       used 22186K, capacity 22678K, committed 22912K, reserved 1069056K
  class space    used 2937K, capacity 3110K, committed 3200K, reserved 1048576K
}
Event: 6.146 GC heap before
{Heap before GC invocations=6 (full 1):
 PSYoungGen      total 71680K, used 68577K [0x00000000eab00000, 0x00000000f2600000, 0x0000000100000000)
  eden space 66560K, 100% used [0x00000000eab00000,0x00000000eec00000,0x00000000eec00000)
  from space 5120K, 39% used [0x00000000ef100000,0x00000000ef2f8428,0x00000000ef600000)
  to   space 5120K, 0% used [0x00000000eec00000,0x00000000eec00000,0x00000000ef100000)
 ParOldGen       total 59392K, used 10748K [0x00000000c0000000, 0x00000000c3a00000, 0x00000000eab00000)
  object space 59392K, 18% used [0x00000000c0000000,0x00000000c0a7f128,0x00000000c3a00000)
 Metaspace       used 22186K, capacity 22678K, committed 22912K, reserved 1069056K
  class space    used 2937K, capacity 3110K, committed 3200K, reserved 1048576K
Event: 6.147 GC heap after
Heap after GC invocations=6 (full 1):
 PSYoungGen      total 71680K, used 1492K [0x00000000eab00000, 0x00000000f3400000, 0x0000000100000000)
  eden space 66560K, 0% used [0x00000000eab00000,0x00000000eab00000,0x00000000eec00000)
  from space 5120K, 29% used [0x00000000eec00000,0x00000000eed750f0,0x00000000ef100000)
  to   space 13312K, 0% used [0x00000000f2700000,0x00000000f2700000,0x00000000f3400000)
 ParOldGen       total 59392K, used 10756K [0x00000000c0000000, 0x00000000c3a00000, 0x00000000eab00000)
  object space 59392K, 18% used [0x00000000c0000000,0x00000000c0a81128,0x00000000c3a00000)
 Metaspace       used 22186K, capacity 22678K, committed 22912K, reserved 1069056K
  class space    used 2937K, capacity 3110K, committed 3200K, reserved 1048576K
}
Event: 6.352 GC heap before
{Heap before GC invocations=7 (full 1):
 PSYoungGen      total 71680K, used 68052K [0x00000000eab00000, 0x00000000f3400000, 0x0000000100000000)
  eden space 66560K, 100% used [0x00000000eab00000,0x00000000eec00000,0x00000000eec00000)
  from space 5120K, 29% used [0x00000000eec00000,0x00000000eed750f0,0x00000000ef100000)
  to   space 13312K, 0% used [0x00000000f2700000,0x00000000f2700000,0x00000000f3400000)
 ParOldGen       total 59392K, used 10756K [0x00000000c0000000, 0x00000000c3a00000, 0x00000000eab00000)
  object space 59392K, 18% used [0x00000000c0000000,0x00000000c0a81128,0x00000000c3a00000)
 Metaspace       used 22214K, capacity 22742K, committed 22912K, reserved 1069056K
  class space    used 2938K, capacity 3110K, committed 3200K, reserved 1048576K
Event: 6.354 GC heap after
Heap after GC invocations=7 (full 1):
 PSYoungGen      total 121856K, used 1876K [0x00000000eab00000, 0x00000000f3100000, 0x0000000100000000)
  eden space 111616K, 0% used [0x00000000eab00000,0x00000000eab00000,0x00000000f1800000)
  from space 10240K, 18% used [0x00000000f2700000,0x00000000f28d5110,0x00000000f3100000)
  to   space 12800K, 0% used [0x00000000f1800000,0x00000000f1800000,0x00000000f2480000)
 ParOldGen       total 59392K, used 10764K [0x00000000c0000000, 0x00000000c3a00000, 0x00000000eab00000)
  object space 59392K, 18% used [0x00000000c0000000,0x00000000c0a83128,0x00000000c3a00000)
 Metaspace       used 22214K, capacity 22742K, committed 22912K, reserved 1069056K
  class space    used 2938K, capacity 3110K, committed 3200K, reserved 1048576K
}
Event: 6.694 GC heap before
{Heap before GC invocations=8 (full 1):
 PSYoungGen      total 121856K, used 113492K [0x00000000eab00000, 0x00000000f3100000, 0x0000000100000000)
  eden space 111616K, 100% used [0x00000000eab00000,0x00000000f1800000,0x00000000f1800000)
  from space 10240K, 18% used [0x00000000f2700000,0x00000000f28d5110,0x00000000f3100000)
  to   space 12800K, 0% used [0x00000000f1800000,0x00000000f1800000,0x00000000f2480000)
 ParOldGen       total 59392K, used 10764K [0x00000000c0000000, 0x00000000c3a00000, 0x00000000eab00000)
  object space 59392K, 18% used [0x00000000c0000000,0x00000000c0a83128,0x00000000c3a00000)
 Metaspace       used 22217K, capacity 22742K, committed 22912K, reserved 1069056K
  class space    used 2939K, capacity 3110K, committed 3200K, reserved 1048576K
Event: 6.697 GC heap after
Heap after GC invocations=8 (full 1):
 PSYoungGen      total 124416K, used 2488K [0x00000000eab00000, 0x00000000f7780000, 0x0000000100000000)
  eden space 111616K, 0% used [0x00000000eab00000,0x00000000eab00000,0x00000000f1800000)
  from space 12800K, 19% used [0x00000000f1800000,0x00000000f1a6e110,0x00000000f2480000)
  to   space 12288K, 0% used [0x00000000f6b80000,0x00000000f6b80000,0x00000000f7780000)
 ParOldGen       total 59392K, used 10764K [0x00000000c0000000, 0x00000000c3a00000, 0x00000000eab00000)
  object space 59392K, 18% used [0x00000000c0000000,0x00000000c0a83128,0x00000000c3a00000)
 Metaspace       used 22217K, capacity 22742K, committed 22912K, reserved 1069056K
  class space    used 2939K, capacity 3110K, committed 3200K, reserved 1048576K
}

