# JRE version: Java(TM) SE Runtime Environment (8.0_45-b15) (build 1.8.0_45-b15)
# Java VM: Java HotSpot(TM) 64-Bit Server VM (25.45-b02 mixed mode windows-amd64 compressed oops)
Heap:
 PSYoungGen      total 139776K, used 128259K [0x00000000eab00000, 0x00000000f3f00000, 0x0000000100000000)
  eden space 128512K, 97% used [0x00000000eab00000,0x00000000f25cab28,0x00000000f2880000)
  from space 11264K, 22% used [0x00000000f3380000,0x00000000f35f6110,0x00000000f3e80000)
  to   space 11264K, 0% used [0x00000000f2880000,0x00000000f2880000,0x00000000f3380000)
 ParOldGen       total 64512K, used 7862K [0x00000000c0000000, 0x00000000c3f00000, 0x00000000eab00000)
  object space 64512K, 12% used [0x00000000c0000000,0x00000000c07adbf0,0x00000000c3f00000)
 Metaspace       used 29469K, capacity 30408K, committed 30720K, reserved 1075200K
  class space    used 3903K, capacity 4244K, committed 4352K, reserved 1048576K
GC Heap History (10 events):
Event: 1.901 GC heap before
{Heap before GC invocations=5 (full 1):
 PSYoungGen      total 71680K, used 5088K [0x00000000eab00000, 0x00000000ef600000, 0x0000000100000000)
  eden space 66560K, 0% used [0x00000000eab00000,0x00000000eab00000,0x00000000eec00000)
  from space 5120K, 99% used [0x00000000ef100000,0x00000000ef5f8060,0x00000000ef600000)
  to   space 5120K, 0% used [0x00000000eec00000,0x00000000eec00000,0x00000000ef100000)
 ParOldGen       total 87552K, used 8646K [0x00000000c0000000, 0x00000000c5580000, 0x00000000eab00000)
  object space 87552K, 9% used [0x00000000c0000000,0x00000000c0871a20,0x00000000c5580000)
 Metaspace       used 20600K, capacity 21142K, committed 21296K, reserved 1067008K
  class space    used 2765K, capacity 2918K, committed 2944K, reserved 1048576K
Event: 1.935 GC heap after
Heap after GC invocations=5 (full 1):
 PSYoungGen      total 71680K, used 0K [0x00000000eab00000, 0x00000000ef600000, 0x0000000100000000)
  eden space 66560K, 0% used [0x00000000eab00000,0x00000000eab00000,0x00000000eec00000)
  from space 5120K, 0% used [0x00000000ef100000,0x00000000ef100000,0x00000000ef600000)
  to   space 5120K, 0% used [0x00000000eec00000,0x00000000eec00000,0x00000000ef100000)
 ParOldGen       total 64512K, used 7838K [0x00000000c0000000, 0x00000000c3f00000, 0x00000000eab00000)
  object space 64512K, 12% used [0x00000000c0000000,0x00000000c07a7bf0,0x00000000c3f00000)
 Metaspace       used 20600K, capacity 21142K, committed 21296K, reserved 1067008K
  class space    used 2765K, capacity 2918K, committed 2944K, reserved 1048576K
}
Event: 2.248 GC heap before
{Heap before GC invocations=6 (full 1):
 PSYoungGen      total 71680K, used 66560K [0x00000000eab00000, 0x00000000ef600000, 0x0000000100000000)
  eden space 66560K, 100% used [0x00000000eab00000,0x00000000eec00000,0x00000000eec00000)
  from space 5120K, 0% used [0x00000000ef100000,0x00000000ef100000,0x00000000ef600000)
  to   space 5120K, 0% used [0x00000000eec00000,0x00000000eec00000,0x00000000ef100000)
 ParOldGen       total 64512K, used 7838K [0x00000000c0000000, 0x00000000c3f00000, 0x00000000eab00000)
  object space 64512K, 12% used [0x00000000c0000000,0x00000000c07a7bf0,0x00000000c3f00000)
 Metaspace       used 22173K, capacity 22684K, committed 22912K, reserved 1069056K
  class space    used 2937K, capacity 3111K, committed 3200K, reserved 1048576K
Event: 2.250 GC heap after
Heap after GC invocations=6 (full 1):
 PSYoungGen      total 71680K, used 2097K [0x00000000eab00000, 0x00000000f1b80000, 0x0000000100000000)
  eden space 66560K, 0% used [0x00000000eab00000,0x00000000eab00000,0x00000000eec00000)
  from space 5120K, 40% used [0x00000000eec00000,0x00000000eee0c500,0x00000000ef100000)
  to   space 10752K, 0% used [0x00000000f1100000,0x00000000f1100000,0x00000000f1b80000)
 ParOldGen       total 64512K, used 7846K [0x00000000c0000000, 0x00000000c3f00000, 0x00000000eab00000)
  object space 64512K, 12% used [0x00000000c0000000,0x00000000c07a9bf0,0x00000000c3f00000)
 Metaspace       used 22173K, capacity 22684K, committed 22912K, reserved 1069056K
  class space    used 2937K, capacity 3111K, committed 3200K, reserved 1048576K
}
Event: 2.393 GC heap before
{Heap before GC invocations=7 (full 1):
 PSYoungGen      total 71680K, used 68657K [0x00000000eab00000, 0x00000000f1b80000, 0x0000000100000000)
  eden space 66560K, 100% used [0x00000000eab00000,0x00000000eec00000,0x00000000eec00000)
  from space 5120K, 40% used [0x00000000eec00000,0x00000000eee0c500,0x00000000ef100000)
  to   space 10752K, 0% used [0x00000000f1100000,0x00000000f1100000,0x00000000f1b80000)
 ParOldGen       total 64512K, used 7846K [0x00000000c0000000, 0x00000000c3f00000, 0x00000000eab00000)
  object space 64512K, 12% used [0x00000000c0000000,0x00000000c07a9bf0,0x00000000c3f00000)
 Metaspace       used 22174K, capacity 22684K, committed 22912K, reserved 1069056K
  class space    used 2937K, capacity 3111K, committed 3200K, reserved 1048576K
Event: 2.395 GC heap after
Heap after GC invocations=7 (full 1):
 PSYoungGen      total 103936K, used 1508K [0x00000000eab00000, 0x00000000f1d00000, 0x0000000100000000)
  eden space 93184K, 0% used [0x00000000eab00000,0x00000000eab00000,0x00000000f0600000)
  from space 10752K, 14% used [0x00000000f1100000,0x00000000f1279100,0x00000000f1b80000)
  to   space 11264K, 0% used [0x00000000f0600000,0x00000000f0600000,0x00000000f1100000)
 ParOldGen       total 64512K, used 7854K [0x00000000c0000000, 0x00000000c3f00000, 0x00000000eab00000)
  object space 64512K, 12% used [0x00000000c0000000,0x00000000c07abbf0,0x00000000c3f00000)
 Metaspace       used 22174K, capacity 22684K, committed 22912K, reserved 1069056K
  class space    used 2937K, capacity 3111K, committed 3200K, reserved 1048576K
}
Event: 2.661 GC heap before
{Heap before GC invocations=8 (full 1):
 PSYoungGen      total 103936K, used 94692K [0x00000000eab00000, 0x00000000f1d00000, 0x0000000100000000)
  eden space 93184K, 100% used [0x00000000eab00000,0x00000000f0600000,0x00000000f0600000)
  from space 10752K, 14% used [0x00000000f1100000,0x00000000f1279100,0x00000000f1b80000)
  to   space 11264K, 0% used [0x00000000f0600000,0x00000000f0600000,0x00000000f1100000)
 ParOldGen       total 64512K, used 7854K [0x00000000c0000000, 0x00000000c3f00000, 0x00000000eab00000)
  object space 64512K, 12% used [0x00000000c0000000,0x00000000c07abbf0,0x00000000c3f00000)
 Metaspace       used 22204K, capacity 22748K, committed 22912K, reserved 1069056K
  class space    used 2939K, capacity 3111K, committed 3200K, reserved 1048576K
Event: 2.663 GC heap after
Heap after GC invocations=8 (full 1):
 PSYoungGen      total 104448K, used 1988K [0x00000000eab00000, 0x00000000f3e80000, 0x0000000100000000)
  eden space 93184K, 0% used [0x00000000eab00000,0x00000000eab00000,0x00000000f0600000)
  from space 11264K, 17% used [0x00000000f0600000,0x00000000f07f1100,0x00000000f1100000)
  to   space 11264K, 0% used [0x00000000f3380000,0x00000000f3380000,0x00000000f3e80000)
 ParOldGen       total 64512K, used 7862K [0x00000000c0000000, 0x00000000c3f00000, 0x00000000eab00000)
  object space 64512K, 12% used [0x00000000c0000000,0x00000000c07adbf0,0x00000000c3f00000)
 Metaspace       used 22204K, capacity 22748K, committed 22912K, reserved 1069056K
  class space    used 2939K, capacity 3111K, committed 3200K, reserved 1048576K
}
Event: 2.930 GC heap before
{Heap before GC invocations=9 (full 1):
 PSYoungGen      total 104448K, used 95172K [0x00000000eab00000, 0x00000000f3e80000, 0x0000000100000000)
  eden space 93184K, 100% used [0x00000000eab00000,0x00000000f0600000,0x00000000f0600000)
  from space 11264K, 17% used [0x00000000f0600000,0x00000000f07f1100,0x00000000f1100000)
  to   space 11264K, 0% used [0x00000000f3380000,0x00000000f3380000,0x00000000f3e80000)
 ParOldGen       total 64512K, used 7862K [0x00000000c0000000, 0x00000000c3f00000, 0x00000000eab00000)
  object space 64512K, 12% used [0x00000000c0000000,0x00000000c07adbf0,0x00000000c3f00000)
 Metaspace       used 22205K, capacity 22748K, committed 22912K, reserved 1069056K
  class space    used 2939K, capacity 3111K, committed 3200K, reserved 1048576K
Event: 2.934 GC heap after
Heap after GC invocations=9 (full 1):
 PSYoungGen      total 139776K, used 2520K [0x00000000eab00000, 0x00000000f3f00000, 0x0000000100000000)
  eden space 128512K, 0% used [0x00000000eab00000,0x00000000eab00000,0x00000000f2880000)
  from space 11264K, 22% used [0x00000000f3380000,0x00000000f35f6110,0x00000000f3e80000)
  to   space 11264K, 0% used [0x00000000f2880000,0x00000000f2880000,0x00000000f3380000)
 ParOldGen       total 64512K, used 7862K [0x00000000c0000000, 0x00000000c3f00000, 0x00000000eab00000)
  object space 64512K, 12% used [0x00000000c0000000,0x00000000c07adbf0,0x00000000c3f00000)
 Metaspace       used 22205K, capacity 22748K, committed 22912K, reserved 1069056K
  class space    used 2939K, capacity 3111K, committed 3200K, reserved 1048576K
}

